<?xml version="1.0" encoding="UTF-8"?>
<testng-results skipped="0" failed="0" ignored="0" total="1" passed="1">
  <reporter-output>
  </reporter-output>
  <suite name="Default suite" duration-ms="21484" started-at="2020-08-16T10:25:56 IST" finished-at="2020-08-16T10:26:17 IST">
    <groups>
    </groups>
    <test name="Default test" duration-ms="21484" started-at="2020-08-16T10:25:56 IST" finished-at="2020-08-16T10:26:17 IST">
      <class name="test.NewTest">
        <test-method status="PASS" signature="testgooglrsearch()[pri:0, instance:test.NewTest@e048a]" name="testgooglrsearch" duration-ms="21310" started-at="2020-08-16T10:25:56 IST" finished-at="2020-08-16T10:26:17 IST">
          <reporter-output>
          </reporter-output>
        </test-method> <!-- testgooglrsearch -->
      </class> <!-- test.NewTest -->
    </test> <!-- Default test -->
  </suite> <!-- Default suite -->
</testng-results>
